This file contains any messages produced by compilers while
running configure, to aid debugging if configure makes a mistake.

It was created by PAPI configure 7.1.0.0, which was
generated by GNU Autoconf 2.69.  Invocation command line was

  $ ./configure --prefix=/home/ivan/HDD/repos/BIMSA/papi/src/install

## --------- ##
## Platform. ##
## --------- ##

hostname = IVAN-PC
uname -m = x86_64
uname -r = 6.2.0-39-generic
uname -s = Linux
uname -v = #40~22.04.1-Ubuntu SMP PREEMPT_DYNAMIC Thu Nov 16 10:53:04 UTC 2

/usr/bin/uname -p = x86_64
/bin/uname -X     = unknown

/bin/arch              = x86_64
/usr/bin/arch -k       = unknown
/usr/convex/getsysinfo = unknown
/usr/bin/hostinfo      = unknown
/bin/machine           = unknown
/usr/bin/oslevel       = unknown
/bin/universe          = unknown

PATH: /media/HDD/software/upmem-2023.2.0-Linux-x86_64/bin
PATH: /opt/riscv/bin
PATH: /home/ivan/.local/bin
PATH: /usr/local/sbin
PATH: /usr/local/bin
PATH: /usr/sbin
PATH: /usr/bin
PATH: /sbin
PATH: /bin
PATH: /usr/games
PATH: /usr/local/games
PATH: /snap/bin


## ----------- ##
## Core tests. ##
## ----------- ##

configure:2466: checking for architecture
configure:2476: result: x86_64
configure:2486: checking for OS
configure:2499: result: linux
configure:2502: checking for OS version
configure:2514: result: 6.2.0-39-generic
configure:2519: checking for perf_event workaround level
configure:2530: result: autodetect
configure:2533: checking for if MIC should be used
configure:2550: result: no
configure:2554: checking for if NEC should be used
configure:2571: result: no
configure:2635: checking for xlc
configure:2665: result: no
configure:2635: checking for icc
configure:2665: result: no
configure:2635: checking for gcc
configure:2651: found /usr/bin/gcc
configure:2662: result: gcc
configure:2693: checking for C compiler version
configure:2702: gcc --version >&5
gcc (Ubuntu 11.4.0-1ubuntu1~22.04) 11.4.0
Copyright (C) 2021 Free Software Foundation, Inc.
This is free software; see the source for copying conditions.  There is NO
warranty; not even for MERCHANTABILITY or FITNESS FOR A PARTICULAR PURPOSE.

configure:2713: $? = 0
configure:2702: gcc -v >&5
Using built-in specs.
COLLECT_GCC=gcc
COLLECT_LTO_WRAPPER=/usr/lib/gcc/x86_64-linux-gnu/11/lto-wrapper
OFFLOAD_TARGET_NAMES=nvptx-none:amdgcn-amdhsa
OFFLOAD_TARGET_DEFAULT=1
Target: x86_64-linux-gnu
Configured with: ../src/configure -v --with-pkgversion='Ubuntu 11.4.0-1ubuntu1~22.04' --with-bugurl=file:///usr/share/doc/gcc-11/README.Bugs --enable-languages=c,ada,c++,go,brig,d,fortran,objc,obj-c++,m2 --prefix=/usr --with-gcc-major-version-only --program-suffix=-11 --program-prefix=x86_64-linux-gnu- --enable-shared --enable-linker-build-id --libexecdir=/usr/lib --without-included-gettext --enable-threads=posix --libdir=/usr/lib --enable-nls --enable-bootstrap --enable-clocale=gnu --enable-libstdcxx-debug --enable-libstdcxx-time=yes --with-default-libstdcxx-abi=new --enable-gnu-unique-object --disable-vtable-verify --enable-plugin --enable-default-pie --with-system-zlib --enable-libphobos-checking=release --with-target-system-zlib=auto --enable-objc-gc=auto --enable-multiarch --disable-werror --enable-cet --with-arch-32=i686 --with-abi=m64 --with-multilib-list=m32,m64,mx32 --enable-multilib --with-tune=generic --enable-offload-targets=nvptx-none=/build/gcc-11-XeT9lY/gcc-11-11.4.0/debian/tmp-nvptx/usr,amdgcn-amdhsa=/build/gcc-11-XeT9lY/gcc-11-11.4.0/debian/tmp-gcn/usr --without-cuda-driver --enable-checking=release --build=x86_64-linux-gnu --host=x86_64-linux-gnu --target=x86_64-linux-gnu --with-build-config=bootstrap-lto-lean --enable-link-serialization=2
Thread model: posix
Supported LTO compression algorithms: zlib zstd
gcc version 11.4.0 (Ubuntu 11.4.0-1ubuntu1~22.04) 
... rest of stderr output deleted ...
configure:2713: $? = 0
configure:2702: gcc -V >&5
gcc: error: unrecognized command-line option '-V'
gcc: fatal error: no input files
compilation terminated.
configure:2713: $? = 1
configure:2702: gcc -qversion >&5
gcc: error: unrecognized command-line option '-qversion'; did you mean '--version'?
gcc: fatal error: no input files
compilation terminated.
configure:2713: $? = 1
configure:2733: checking whether the C compiler works
configure:2755: gcc    conftest.c  >&5
configure:2759: $? = 0
configure:2807: result: yes
configure:2810: checking for C compiler default output file name
configure:2812: result: a.out
configure:2818: checking for suffix of executables
configure:2825: gcc -o conftest    conftest.c  >&5
configure:2829: $? = 0
configure:2851: result: 
configure:2873: checking whether we are cross compiling
configure:2881: gcc -o conftest    conftest.c  >&5
configure:2885: $? = 0
configure:2892: ./conftest
configure:2896: $? = 0
configure:2911: result: no
configure:2916: checking for suffix of object files
configure:2938: gcc -c   conftest.c >&5
configure:2942: $? = 0
configure:2963: result: o
configure:2967: checking whether we are using the GNU C compiler
configure:2986: gcc -c   conftest.c >&5
configure:2986: $? = 0
configure:2995: result: yes
configure:3004: checking whether gcc accepts -g
configure:3024: gcc -c -g  conftest.c >&5
configure:3024: $? = 0
configure:3065: result: yes
configure:3082: checking for gcc option to accept ISO C89
configure:3145: gcc  -c   conftest.c >&5
configure:3145: $? = 0
configure:3158: result: none needed
configure:3231: checking for xlf
configure:3261: result: no
configure:3231: checking for ifort
configure:3261: result: no
configure:3231: checking for gfortran
configure:3247: found /usr/bin/gfortran
configure:3258: result: gfortran
configure:3284: checking for Fortran 77 compiler version
configure:3293: gfortran --version >&5
GNU Fortran (Ubuntu 11.4.0-1ubuntu1~22.04) 11.4.0
Copyright (C) 2021 Free Software Foundation, Inc.
This is free software; see the source for copying conditions.  There is NO
warranty; not even for MERCHANTABILITY or FITNESS FOR A PARTICULAR PURPOSE.

configure:3304: $? = 0
configure:3293: gfortran -v >&5
Using built-in specs.
COLLECT_GCC=gfortran
COLLECT_LTO_WRAPPER=/usr/lib/gcc/x86_64-linux-gnu/11/lto-wrapper
OFFLOAD_TARGET_NAMES=nvptx-none:amdgcn-amdhsa
OFFLOAD_TARGET_DEFAULT=1
Target: x86_64-linux-gnu
Configured with: ../src/configure -v --with-pkgversion='Ubuntu 11.4.0-1ubuntu1~22.04' --with-bugurl=file:///usr/share/doc/gcc-11/README.Bugs --enable-languages=c,ada,c++,go,brig,d,fortran,objc,obj-c++,m2 --prefix=/usr --with-gcc-major-version-only --program-suffix=-11 --program-prefix=x86_64-linux-gnu- --enable-shared --enable-linker-build-id --libexecdir=/usr/lib --without-included-gettext --enable-threads=posix --libdir=/usr/lib --enable-nls --enable-bootstrap --enable-clocale=gnu --enable-libstdcxx-debug --enable-libstdcxx-time=yes --with-default-libstdcxx-abi=new --enable-gnu-unique-object --disable-vtable-verify --enable-plugin --enable-default-pie --with-system-zlib --enable-libphobos-checking=release --with-target-system-zlib=auto --enable-objc-gc=auto --enable-multiarch --disable-werror --enable-cet --with-arch-32=i686 --with-abi=m64 --with-multilib-list=m32,m64,mx32 --enable-multilib --with-tune=generic --enable-offload-targets=nvptx-none=/build/gcc-11-XeT9lY/gcc-11-11.4.0/debian/tmp-nvptx/usr,amdgcn-amdhsa=/build/gcc-11-XeT9lY/gcc-11-11.4.0/debian/tmp-gcn/usr --without-cuda-driver --enable-checking=release --build=x86_64-linux-gnu --host=x86_64-linux-gnu --target=x86_64-linux-gnu --with-build-config=bootstrap-lto-lean --enable-link-serialization=2
Thread model: posix
Supported LTO compression algorithms: zlib zstd
gcc version 11.4.0 (Ubuntu 11.4.0-1ubuntu1~22.04) 
... rest of stderr output deleted ...
configure:3304: $? = 0
configure:3293: gfortran -V >&5
gfortran: error: unrecognized command-line option '-V'
gfortran: fatal error: no input files
compilation terminated.
configure:3304: $? = 1
configure:3293: gfortran -qversion >&5
gfortran: error: unrecognized command-line option '-qversion'; did you mean '--version'?
gfortran: fatal error: no input files
compilation terminated.
configure:3304: $? = 1
configure:3313: checking whether we are using the GNU Fortran 77 compiler
configure:3326: gfortran -c  conftest.F >&5
configure:3326: $? = 0
configure:3335: result: yes
configure:3341: checking whether gfortran accepts -g
configure:3352: gfortran -c -g conftest.f >&5
configure:3352: $? = 0
configure:3360: result: yes
configure:3394: checking for mpicc
configure:3410: found /usr/bin/mpicc
configure:3421: result: mpicc
configure:3527: checking for gawk
configure:3543: found /usr/bin/gawk
configure:3554: result: gawk
configure:3570: checking how to run the C preprocessor
configure:3601: gcc -E  conftest.c
configure:3601: $? = 0
configure:3615: gcc -E  conftest.c
conftest.c:9:10: fatal error: ac_nonexistent.h: No such file or directory
    9 | #include <ac_nonexistent.h>
      |          ^~~~~~~~~~~~~~~~~~
compilation terminated.
configure:3615: $? = 1
configure: failed program was:
| /* confdefs.h */
| #define PACKAGE_NAME "PAPI"
| #define PACKAGE_TARNAME "papi"
| #define PACKAGE_VERSION "7.1.0.0"
| #define PACKAGE_STRING "PAPI 7.1.0.0"
| #define PACKAGE_BUGREPORT "ptools-perfapi@icl.utk.edu"
| #define PACKAGE_URL ""
| /* end confdefs.h.  */
| #include <ac_nonexistent.h>
configure:3640: result: gcc -E
configure:3660: gcc -E  conftest.c
configure:3660: $? = 0
configure:3674: gcc -E  conftest.c
conftest.c:9:10: fatal error: ac_nonexistent.h: No such file or directory
    9 | #include <ac_nonexistent.h>
      |          ^~~~~~~~~~~~~~~~~~
compilation terminated.
configure:3674: $? = 1
configure: failed program was:
| /* confdefs.h */
| #define PACKAGE_NAME "PAPI"
| #define PACKAGE_TARNAME "papi"
| #define PACKAGE_VERSION "7.1.0.0"
| #define PACKAGE_STRING "PAPI 7.1.0.0"
| #define PACKAGE_BUGREPORT "ptools-perfapi@icl.utk.edu"
| #define PACKAGE_URL ""
| /* end confdefs.h.  */
| #include <ac_nonexistent.h>
configure:3702: checking whether ln -s works
configure:3706: result: yes
configure:3713: checking whether make sets $(MAKE)
configure:3735: result: yes
configure:3787: checking for ranlib
configure:3803: found /usr/bin/ranlib
configure:3814: result: ranlib
configure:3838: checking for grep that handles long lines and -e
configure:3896: result: /usr/bin/grep
configure:3901: checking for egrep
configure:3963: result: /usr/bin/grep -E
configure:3968: checking for ANSI C header files
configure:3988: gcc -c   conftest.c >&5
configure:3988: $? = 0
configure:4061: gcc -o conftest    conftest.c  >&5
configure:4061: $? = 0
configure:4061: ./conftest
configure:4061: $? = 0
configure:4072: result: yes
configure:4085: checking for sys/types.h
configure:4085: gcc -c   conftest.c >&5
configure:4085: $? = 0
configure:4085: result: yes
configure:4085: checking for sys/stat.h
configure:4085: gcc -c   conftest.c >&5
configure:4085: $? = 0
configure:4085: result: yes
configure:4085: checking for stdlib.h
configure:4085: gcc -c   conftest.c >&5
configure:4085: $? = 0
configure:4085: result: yes
configure:4085: checking for string.h
configure:4085: gcc -c   conftest.c >&5
configure:4085: $? = 0
configure:4085: result: yes
configure:4085: checking for memory.h
configure:4085: gcc -c   conftest.c >&5
configure:4085: $? = 0
configure:4085: result: yes
configure:4085: checking for strings.h
configure:4085: gcc -c   conftest.c >&5
configure:4085: $? = 0
configure:4085: result: yes
configure:4085: checking for inttypes.h
configure:4085: gcc -c   conftest.c >&5
configure:4085: $? = 0
configure:4085: result: yes
configure:4085: checking for stdint.h
configure:4085: gcc -c   conftest.c >&5
configure:4085: $? = 0
configure:4085: result: yes
configure:4085: checking for unistd.h
configure:4085: gcc -c   conftest.c >&5
configure:4085: $? = 0
configure:4085: result: yes
configure:4098: checking minix/config.h usability
configure:4098: gcc -c   conftest.c >&5
conftest.c:52:10: fatal error: minix/config.h: No such file or directory
   52 | #include <minix/config.h>
      |          ^~~~~~~~~~~~~~~~
compilation terminated.
configure:4098: $? = 1
configure: failed program was:
| /* confdefs.h */
| #define PACKAGE_NAME "PAPI"
| #define PACKAGE_TARNAME "papi"
| #define PACKAGE_VERSION "7.1.0.0"
| #define PACKAGE_STRING "PAPI 7.1.0.0"
| #define PACKAGE_BUGREPORT "ptools-perfapi@icl.utk.edu"
| #define PACKAGE_URL ""
| #define STDC_HEADERS 1
| #define HAVE_SYS_TYPES_H 1
| #define HAVE_SYS_STAT_H 1
| #define HAVE_STDLIB_H 1
| #define HAVE_STRING_H 1
| #define HAVE_MEMORY_H 1
| #define HAVE_STRINGS_H 1
| #define HAVE_INTTYPES_H 1
| #define HAVE_STDINT_H 1
| #define HAVE_UNISTD_H 1
| /* end confdefs.h.  */
| #include <stdio.h>
| #ifdef HAVE_SYS_TYPES_H
| # include <sys/types.h>
| #endif
| #ifdef HAVE_SYS_STAT_H
| # include <sys/stat.h>
| #endif
| #ifdef STDC_HEADERS
| # include <stdlib.h>
| # include <stddef.h>
| #else
| # ifdef HAVE_STDLIB_H
| #  include <stdlib.h>
| # endif
| #endif
| #ifdef HAVE_STRING_H
| # if !defined STDC_HEADERS && defined HAVE_MEMORY_H
| #  include <memory.h>
| # endif
| # include <string.h>
| #endif
| #ifdef HAVE_STRINGS_H
| # include <strings.h>
| #endif
| #ifdef HAVE_INTTYPES_H
| # include <inttypes.h>
| #endif
| #ifdef HAVE_STDINT_H
| # include <stdint.h>
| #endif
| #ifdef HAVE_UNISTD_H
| # include <unistd.h>
| #endif
| #include <minix/config.h>
configure:4098: result: no
configure:4098: checking minix/config.h presence
configure:4098: gcc -E  conftest.c
conftest.c:19:10: fatal error: minix/config.h: No such file or directory
   19 | #include <minix/config.h>
      |          ^~~~~~~~~~~~~~~~
compilation terminated.
configure:4098: $? = 1
configure: failed program was:
| /* confdefs.h */
| #define PACKAGE_NAME "PAPI"
| #define PACKAGE_TARNAME "papi"
| #define PACKAGE_VERSION "7.1.0.0"
| #define PACKAGE_STRING "PAPI 7.1.0.0"
| #define PACKAGE_BUGREPORT "ptools-perfapi@icl.utk.edu"
| #define PACKAGE_URL ""
| #define STDC_HEADERS 1
| #define HAVE_SYS_TYPES_H 1
| #define HAVE_SYS_STAT_H 1
| #define HAVE_STDLIB_H 1
| #define HAVE_STRING_H 1
| #define HAVE_MEMORY_H 1
| #define HAVE_STRINGS_H 1
| #define HAVE_INTTYPES_H 1
| #define HAVE_STDINT_H 1
| #define HAVE_UNISTD_H 1
| /* end confdefs.h.  */
| #include <minix/config.h>
configure:4098: result: no
configure:4098: checking for minix/config.h
configure:4098: result: no
configure:4119: checking whether it is safe to define __EXTENSIONS__
configure:4137: gcc -c   conftest.c >&5
configure:4137: $? = 0
configure:4144: result: yes
configure:4159: checking for ANSI C header files
configure:4263: result: yes
configure:4271: checking for inline
configure:4287: gcc -c   conftest.c >&5
configure:4287: $? = 0
configure:4295: result: inline
configure:4313: checking whether time.h and sys/time.h may both be included
configure:4333: gcc -c   conftest.c >&5
configure:4333: $? = 0
configure:4340: result: yes
configure:4351: checking sys/time.h usability
configure:4351: gcc -c   conftest.c >&5
configure:4351: $? = 0
configure:4351: result: yes
configure:4351: checking sys/time.h presence
configure:4351: gcc -E  conftest.c
configure:4351: $? = 0
configure:4351: result: yes
configure:4351: checking for sys/time.h
configure:4351: result: yes
configure:4351: checking c_asm.h usability
configure:4351: gcc -c   conftest.c >&5
conftest.c:60:10: fatal error: c_asm.h: No such file or directory
   60 | #include <c_asm.h>
      |          ^~~~~~~~~
compilation terminated.
configure:4351: $? = 1
configure: failed program was:
| /* confdefs.h */
| #define PACKAGE_NAME "PAPI"
| #define PACKAGE_TARNAME "papi"
| #define PACKAGE_VERSION "7.1.0.0"
| #define PACKAGE_STRING "PAPI 7.1.0.0"
| #define PACKAGE_BUGREPORT "ptools-perfapi@icl.utk.edu"
| #define PACKAGE_URL ""
| #define STDC_HEADERS 1
| #define HAVE_SYS_TYPES_H 1
| #define HAVE_SYS_STAT_H 1
| #define HAVE_STDLIB_H 1
| #define HAVE_STRING_H 1
| #define HAVE_MEMORY_H 1
| #define HAVE_STRINGS_H 1
| #define HAVE_INTTYPES_H 1
| #define HAVE_STDINT_H 1
| #define HAVE_UNISTD_H 1
| #define __EXTENSIONS__ 1
| #define _ALL_SOURCE 1
| #define _GNU_SOURCE 1
| #define _POSIX_PTHREAD_SEMANTICS 1
| #define _TANDEM_SOURCE 1
| #define STDC_HEADERS 1
| #define TIME_WITH_SYS_TIME 1
| #define HAVE_SYS_TIME_H 1
| /* end confdefs.h.  */
| #include <stdio.h>
| #ifdef HAVE_SYS_TYPES_H
| # include <sys/types.h>
| #endif
| #ifdef HAVE_SYS_STAT_H
| # include <sys/stat.h>
| #endif
| #ifdef STDC_HEADERS
| # include <stdlib.h>
| # include <stddef.h>
| #else
| # ifdef HAVE_STDLIB_H
| #  include <stdlib.h>
| # endif
| #endif
| #ifdef HAVE_STRING_H
| # if !defined STDC_HEADERS && defined HAVE_MEMORY_H
| #  include <memory.h>
| # endif
| # include <string.h>
| #endif
| #ifdef HAVE_STRINGS_H
| # include <strings.h>
| #endif
| #ifdef HAVE_INTTYPES_H
| # include <inttypes.h>
| #endif
| #ifdef HAVE_STDINT_H
| # include <stdint.h>
| #endif
| #ifdef HAVE_UNISTD_H
| # include <unistd.h>
| #endif
| #include <c_asm.h>
configure:4351: result: no
configure:4351: checking c_asm.h presence
configure:4351: gcc -E  conftest.c
conftest.c:27:10: fatal error: c_asm.h: No such file or directory
   27 | #include <c_asm.h>
      |          ^~~~~~~~~
compilation terminated.
configure:4351: $? = 1
configure: failed program was:
| /* confdefs.h */
| #define PACKAGE_NAME "PAPI"
| #define PACKAGE_TARNAME "papi"
| #define PACKAGE_VERSION "7.1.0.0"
| #define PACKAGE_STRING "PAPI 7.1.0.0"
| #define PACKAGE_BUGREPORT "ptools-perfapi@icl.utk.edu"
| #define PACKAGE_URL ""
| #define STDC_HEADERS 1
| #define HAVE_SYS_TYPES_H 1
| #define HAVE_SYS_STAT_H 1
| #define HAVE_STDLIB_H 1
| #define HAVE_STRING_H 1
| #define HAVE_MEMORY_H 1
| #define HAVE_STRINGS_H 1
| #define HAVE_INTTYPES_H 1
| #define HAVE_STDINT_H 1
| #define HAVE_UNISTD_H 1
| #define __EXTENSIONS__ 1
| #define _ALL_SOURCE 1
| #define _GNU_SOURCE 1
| #define _POSIX_PTHREAD_SEMANTICS 1
| #define _TANDEM_SOURCE 1
| #define STDC_HEADERS 1
| #define TIME_WITH_SYS_TIME 1
| #define HAVE_SYS_TIME_H 1
| /* end confdefs.h.  */
| #include <c_asm.h>
configure:4351: result: no
configure:4351: checking for c_asm.h
configure:4351: result: no
configure:4351: checking intrinsics.h usability
configure:4351: gcc -c   conftest.c >&5
conftest.c:60:10: fatal error: intrinsics.h: No such file or directory
   60 | #include <intrinsics.h>
      |          ^~~~~~~~~~~~~~
compilation terminated.
configure:4351: $? = 1
configure: failed program was:
| /* confdefs.h */
| #define PACKAGE_NAME "PAPI"
| #define PACKAGE_TARNAME "papi"
| #define PACKAGE_VERSION "7.1.0.0"
| #define PACKAGE_STRING "PAPI 7.1.0.0"
| #define PACKAGE_BUGREPORT "ptools-perfapi@icl.utk.edu"
| #define PACKAGE_URL ""
| #define STDC_HEADERS 1
| #define HAVE_SYS_TYPES_H 1
| #define HAVE_SYS_STAT_H 1
| #define HAVE_STDLIB_H 1
| #define HAVE_STRING_H 1
| #define HAVE_MEMORY_H 1
| #define HAVE_STRINGS_H 1
| #define HAVE_INTTYPES_H 1
| #define HAVE_STDINT_H 1
| #define HAVE_UNISTD_H 1
| #define __EXTENSIONS__ 1
| #define _ALL_SOURCE 1
| #define _GNU_SOURCE 1
| #define _POSIX_PTHREAD_SEMANTICS 1
| #define _TANDEM_SOURCE 1
| #define STDC_HEADERS 1
| #define TIME_WITH_SYS_TIME 1
| #define HAVE_SYS_TIME_H 1
| /* end confdefs.h.  */
| #include <stdio.h>
| #ifdef HAVE_SYS_TYPES_H
| # include <sys/types.h>
| #endif
| #ifdef HAVE_SYS_STAT_H
| # include <sys/stat.h>
| #endif
| #ifdef STDC_HEADERS
| # include <stdlib.h>
| # include <stddef.h>
| #else
| # ifdef HAVE_STDLIB_H
| #  include <stdlib.h>
| # endif
| #endif
| #ifdef HAVE_STRING_H
| # if !defined STDC_HEADERS && defined HAVE_MEMORY_H
| #  include <memory.h>
| # endif
| # include <string.h>
| #endif
| #ifdef HAVE_STRINGS_H
| # include <strings.h>
| #endif
| #ifdef HAVE_INTTYPES_H
| # include <inttypes.h>
| #endif
| #ifdef HAVE_STDINT_H
| # include <stdint.h>
| #endif
| #ifdef HAVE_UNISTD_H
| # include <unistd.h>
| #endif
| #include <intrinsics.h>
configure:4351: result: no
configure:4351: checking intrinsics.h presence
configure:4351: gcc -E  conftest.c
conftest.c:27:10: fatal error: intrinsics.h: No such file or directory
   27 | #include <intrinsics.h>
      |          ^~~~~~~~~~~~~~
compilation terminated.
configure:4351: $? = 1
configure: failed program was:
| /* confdefs.h */
| #define PACKAGE_NAME "PAPI"
| #define PACKAGE_TARNAME "papi"
| #define PACKAGE_VERSION "7.1.0.0"
| #define PACKAGE_STRING "PAPI 7.1.0.0"
| #define PACKAGE_BUGREPORT "ptools-perfapi@icl.utk.edu"
| #define PACKAGE_URL ""
| #define STDC_HEADERS 1
| #define HAVE_SYS_TYPES_H 1
| #define HAVE_SYS_STAT_H 1
| #define HAVE_STDLIB_H 1
| #define HAVE_STRING_H 1
| #define HAVE_MEMORY_H 1
| #define HAVE_STRINGS_H 1
| #define HAVE_INTTYPES_H 1
| #define HAVE_STDINT_H 1
| #define HAVE_UNISTD_H 1
| #define __EXTENSIONS__ 1
| #define _ALL_SOURCE 1
| #define _GNU_SOURCE 1
| #define _POSIX_PTHREAD_SEMANTICS 1
| #define _TANDEM_SOURCE 1
| #define STDC_HEADERS 1
| #define TIME_WITH_SYS_TIME 1
| #define HAVE_SYS_TIME_H 1
| /* end confdefs.h.  */
| #include <intrinsics.h>
configure:4351: result: no
configure:4351: checking for intrinsics.h
configure:4351: result: no
configure:4351: checking mach/mach_time.h usability
configure:4351: gcc -c   conftest.c >&5
conftest.c:60:10: fatal error: mach/mach_time.h: No such file or directory
   60 | #include <mach/mach_time.h>
      |          ^~~~~~~~~~~~~~~~~~
compilation terminated.
configure:4351: $? = 1
configure: failed program was:
| /* confdefs.h */
| #define PACKAGE_NAME "PAPI"
| #define PACKAGE_TARNAME "papi"
| #define PACKAGE_VERSION "7.1.0.0"
| #define PACKAGE_STRING "PAPI 7.1.0.0"
| #define PACKAGE_BUGREPORT "ptools-perfapi@icl.utk.edu"
| #define PACKAGE_URL ""
| #define STDC_HEADERS 1
| #define HAVE_SYS_TYPES_H 1
| #define HAVE_SYS_STAT_H 1
| #define HAVE_STDLIB_H 1
| #define HAVE_STRING_H 1
| #define HAVE_MEMORY_H 1
| #define HAVE_STRINGS_H 1
| #define HAVE_INTTYPES_H 1
| #define HAVE_STDINT_H 1
| #define HAVE_UNISTD_H 1
| #define __EXTENSIONS__ 1
| #define _ALL_SOURCE 1
| #define _GNU_SOURCE 1
| #define _POSIX_PTHREAD_SEMANTICS 1
| #define _TANDEM_SOURCE 1
| #define STDC_HEADERS 1
| #define TIME_WITH_SYS_TIME 1
| #define HAVE_SYS_TIME_H 1
| /* end confdefs.h.  */
| #include <stdio.h>
| #ifdef HAVE_SYS_TYPES_H
| # include <sys/types.h>
| #endif
| #ifdef HAVE_SYS_STAT_H
| # include <sys/stat.h>
| #endif
| #ifdef STDC_HEADERS
| # include <stdlib.h>
| # include <stddef.h>
| #else
| # ifdef HAVE_STDLIB_H
| #  include <stdlib.h>
| # endif
| #endif
| #ifdef HAVE_STRING_H
| # if !defined STDC_HEADERS && defined HAVE_MEMORY_H
| #  include <memory.h>
| # endif
| # include <string.h>
| #endif
| #ifdef HAVE_STRINGS_H
| # include <strings.h>
| #endif
| #ifdef HAVE_INTTYPES_H
| # include <inttypes.h>
| #endif
| #ifdef HAVE_STDINT_H
| # include <stdint.h>
| #endif
| #ifdef HAVE_UNISTD_H
| # include <unistd.h>
| #endif
| #include <mach/mach_time.h>
configure:4351: result: no
configure:4351: checking mach/mach_time.h presence
configure:4351: gcc -E  conftest.c
conftest.c:27:10: fatal error: mach/mach_time.h: No such file or directory
   27 | #include <mach/mach_time.h>
      |          ^~~~~~~~~~~~~~~~~~
compilation terminated.
configure:4351: $? = 1
configure: failed program was:
| /* confdefs.h */
| #define PACKAGE_NAME "PAPI"
| #define PACKAGE_TARNAME "papi"
| #define PACKAGE_VERSION "7.1.0.0"
| #define PACKAGE_STRING "PAPI 7.1.0.0"
| #define PACKAGE_BUGREPORT "ptools-perfapi@icl.utk.edu"
| #define PACKAGE_URL ""
| #define STDC_HEADERS 1
| #define HAVE_SYS_TYPES_H 1
| #define HAVE_SYS_STAT_H 1
| #define HAVE_STDLIB_H 1
| #define HAVE_STRING_H 1
| #define HAVE_MEMORY_H 1
| #define HAVE_STRINGS_H 1
| #define HAVE_INTTYPES_H 1
| #define HAVE_STDINT_H 1
| #define HAVE_UNISTD_H 1
| #define __EXTENSIONS__ 1
| #define _ALL_SOURCE 1
| #define _GNU_SOURCE 1
| #define _POSIX_PTHREAD_SEMANTICS 1
| #define _TANDEM_SOURCE 1
| #define STDC_HEADERS 1
| #define TIME_WITH_SYS_TIME 1
| #define HAVE_SYS_TIME_H 1
| /* end confdefs.h.  */
| #include <mach/mach_time.h>
configure:4351: result: no
configure:4351: checking for mach/mach_time.h
configure:4351: result: no
configure:4351: checking sched.h usability
configure:4351: gcc -c   conftest.c >&5
configure:4351: $? = 0
configure:4351: result: yes
configure:4351: checking sched.h presence
configure:4351: gcc -E  conftest.c
configure:4351: $? = 0
configure:4351: result: yes
configure:4351: checking for sched.h
configure:4351: result: yes
configure:4364: checking for gethrtime
configure:4364: gcc -o conftest    conftest.c  >&5
/usr/bin/ld: /tmp/ccsYePre.o: in function `main':
conftest.c:(.text+0xe): undefined reference to `gethrtime'
collect2: error: ld returned 1 exit status
configure:4364: $? = 1
configure: failed program was:
| /* confdefs.h */
| #define PACKAGE_NAME "PAPI"
| #define PACKAGE_TARNAME "papi"
| #define PACKAGE_VERSION "7.1.0.0"
| #define PACKAGE_STRING "PAPI 7.1.0.0"
| #define PACKAGE_BUGREPORT "ptools-perfapi@icl.utk.edu"
| #define PACKAGE_URL ""
| #define STDC_HEADERS 1
| #define HAVE_SYS_TYPES_H 1
| #define HAVE_SYS_STAT_H 1
| #define HAVE_STDLIB_H 1
| #define HAVE_STRING_H 1
| #define HAVE_MEMORY_H 1
| #define HAVE_STRINGS_H 1
| #define HAVE_INTTYPES_H 1
| #define HAVE_STDINT_H 1
| #define HAVE_UNISTD_H 1
| #define __EXTENSIONS__ 1
| #define _ALL_SOURCE 1
| #define _GNU_SOURCE 1
| #define _POSIX_PTHREAD_SEMANTICS 1
| #define _TANDEM_SOURCE 1
| #define STDC_HEADERS 1
| #define TIME_WITH_SYS_TIME 1
| #define HAVE_SYS_TIME_H 1
| #define HAVE_SCHED_H 1
| /* end confdefs.h.  */
| /* Define gethrtime to an innocuous variant, in case <limits.h> declares gethrtime.
|    For example, HP-UX 11i <limits.h> declares gettimeofday.  */
| #define gethrtime innocuous_gethrtime
| 
| /* System header to define __stub macros and hopefully few prototypes,
|     which can conflict with char gethrtime (); below.
|     Prefer <limits.h> to <assert.h> if __STDC__ is defined, since
|     <limits.h> exists even on freestanding compilers.  */
| 
| #ifdef __STDC__
| # include <limits.h>
| #else
| # include <assert.h>
| #endif
| 
| #undef gethrtime
| 
| /* Override any GCC internal prototype to avoid an error.
|    Use char because int might match the return type of a GCC
|    builtin and then its argument prototype would still apply.  */
| #ifdef __cplusplus
| extern "C"
| #endif
| char gethrtime ();
| /* The GNU C library defines this for functions which it implements
|     to always fail with ENOSYS.  Some functions are actually named
|     something starting with __ and the normal name is an alias.  */
| #if defined __stub_gethrtime || defined __stub___gethrtime
| choke me
| #endif
| 
| int
| main ()
| {
| return gethrtime ();
|   ;
|   return 0;
| }
configure:4364: result: no
configure:4364: checking for read_real_time
configure:4364: gcc -o conftest    conftest.c  >&5
/usr/bin/ld: /tmp/ccrYyjwa.o: in function `main':
conftest.c:(.text+0xe): undefined reference to `read_real_time'
collect2: error: ld returned 1 exit status
configure:4364: $? = 1
configure: failed program was:
| /* confdefs.h */
| #define PACKAGE_NAME "PAPI"
| #define PACKAGE_TARNAME "papi"
| #define PACKAGE_VERSION "7.1.0.0"
| #define PACKAGE_STRING "PAPI 7.1.0.0"
| #define PACKAGE_BUGREPORT "ptools-perfapi@icl.utk.edu"
| #define PACKAGE_URL ""
| #define STDC_HEADERS 1
| #define HAVE_SYS_TYPES_H 1
| #define HAVE_SYS_STAT_H 1
| #define HAVE_STDLIB_H 1
| #define HAVE_STRING_H 1
| #define HAVE_MEMORY_H 1
| #define HAVE_STRINGS_H 1
| #define HAVE_INTTYPES_H 1
| #define HAVE_STDINT_H 1
| #define HAVE_UNISTD_H 1
| #define __EXTENSIONS__ 1
| #define _ALL_SOURCE 1
| #define _GNU_SOURCE 1
| #define _POSIX_PTHREAD_SEMANTICS 1
| #define _TANDEM_SOURCE 1
| #define STDC_HEADERS 1
| #define TIME_WITH_SYS_TIME 1
| #define HAVE_SYS_TIME_H 1
| #define HAVE_SCHED_H 1
| /* end confdefs.h.  */
| /* Define read_real_time to an innocuous variant, in case <limits.h> declares read_real_time.
|    For example, HP-UX 11i <limits.h> declares gettimeofday.  */
| #define read_real_time innocuous_read_real_time
| 
| /* System header to define __stub macros and hopefully few prototypes,
|     which can conflict with char read_real_time (); below.
|     Prefer <limits.h> to <assert.h> if __STDC__ is defined, since
|     <limits.h> exists even on freestanding compilers.  */
| 
| #ifdef __STDC__
| # include <limits.h>
| #else
| # include <assert.h>
| #endif
| 
| #undef read_real_time
| 
| /* Override any GCC internal prototype to avoid an error.
|    Use char because int might match the return type of a GCC
|    builtin and then its argument prototype would still apply.  */
| #ifdef __cplusplus
| extern "C"
| #endif
| char read_real_time ();
| /* The GNU C library defines this for functions which it implements
|     to always fail with ENOSYS.  Some functions are actually named
|     something starting with __ and the normal name is an alias.  */
| #if defined __stub_read_real_time || defined __stub___read_real_time
| choke me
| #endif
| 
| int
| main ()
| {
| return read_real_time ();
|   ;
|   return 0;
| }
configure:4364: result: no
configure:4364: checking for time_base_to_time
configure:4364: gcc -o conftest    conftest.c  >&5
/usr/bin/ld: /tmp/cc1AWJvc.o: in function `main':
conftest.c:(.text+0xe): undefined reference to `time_base_to_time'
collect2: error: ld returned 1 exit status
configure:4364: $? = 1
configure: failed program was:
| /* confdefs.h */
| #define PACKAGE_NAME "PAPI"
| #define PACKAGE_TARNAME "papi"
| #define PACKAGE_VERSION "7.1.0.0"
| #define PACKAGE_STRING "PAPI 7.1.0.0"
| #define PACKAGE_BUGREPORT "ptools-perfapi@icl.utk.edu"
| #define PACKAGE_URL ""
| #define STDC_HEADERS 1
| #define HAVE_SYS_TYPES_H 1
| #define HAVE_SYS_STAT_H 1
| #define HAVE_STDLIB_H 1
| #define HAVE_STRING_H 1
| #define HAVE_MEMORY_H 1
| #define HAVE_STRINGS_H 1
| #define HAVE_INTTYPES_H 1
| #define HAVE_STDINT_H 1
| #define HAVE_UNISTD_H 1
| #define __EXTENSIONS__ 1
| #define _ALL_SOURCE 1
| #define _GNU_SOURCE 1
| #define _POSIX_PTHREAD_SEMANTICS 1
| #define _TANDEM_SOURCE 1
| #define STDC_HEADERS 1
| #define TIME_WITH_SYS_TIME 1
| #define HAVE_SYS_TIME_H 1
| #define HAVE_SCHED_H 1
| /* end confdefs.h.  */
| /* Define time_base_to_time to an innocuous variant, in case <limits.h> declares time_base_to_time.
|    For example, HP-UX 11i <limits.h> declares gettimeofday.  */
| #define time_base_to_time innocuous_time_base_to_time
| 
| /* System header to define __stub macros and hopefully few prototypes,
|     which can conflict with char time_base_to_time (); below.
|     Prefer <limits.h> to <assert.h> if __STDC__ is defined, since
|     <limits.h> exists even on freestanding compilers.  */
| 
| #ifdef __STDC__
| # include <limits.h>
| #else
| # include <assert.h>
| #endif
| 
| #undef time_base_to_time
| 
| /* Override any GCC internal prototype to avoid an error.
|    Use char because int might match the return type of a GCC
|    builtin and then its argument prototype would still apply.  */
| #ifdef __cplusplus
| extern "C"
| #endif
| char time_base_to_time ();
| /* The GNU C library defines this for functions which it implements
|     to always fail with ENOSYS.  Some functions are actually named
|     something starting with __ and the normal name is an alias.  */
| #if defined __stub_time_base_to_time || defined __stub___time_base_to_time
| choke me
| #endif
| 
| int
| main ()
| {
| return time_base_to_time ();
|   ;
|   return 0;
| }
configure:4364: result: no
configure:4364: checking for clock_gettime
configure:4364: gcc -o conftest    conftest.c  >&5
configure:4364: $? = 0
configure:4364: result: yes
configure:4364: checking for mach_absolute_time
configure:4364: gcc -o conftest    conftest.c  >&5
/usr/bin/ld: /tmp/ccHsXCt4.o: in function `main':
conftest.c:(.text+0xe): undefined reference to `mach_absolute_time'
collect2: error: ld returned 1 exit status
configure:4364: $? = 1
configure: failed program was:
| /* confdefs.h */
| #define PACKAGE_NAME "PAPI"
| #define PACKAGE_TARNAME "papi"
| #define PACKAGE_VERSION "7.1.0.0"
| #define PACKAGE_STRING "PAPI 7.1.0.0"
| #define PACKAGE_BUGREPORT "ptools-perfapi@icl.utk.edu"
| #define PACKAGE_URL ""
| #define STDC_HEADERS 1
| #define HAVE_SYS_TYPES_H 1
| #define HAVE_SYS_STAT_H 1
| #define HAVE_STDLIB_H 1
| #define HAVE_STRING_H 1
| #define HAVE_MEMORY_H 1
| #define HAVE_STRINGS_H 1
| #define HAVE_INTTYPES_H 1
| #define HAVE_STDINT_H 1
| #define HAVE_UNISTD_H 1
| #define __EXTENSIONS__ 1
| #define _ALL_SOURCE 1
| #define _GNU_SOURCE 1
| #define _POSIX_PTHREAD_SEMANTICS 1
| #define _TANDEM_SOURCE 1
| #define STDC_HEADERS 1
| #define TIME_WITH_SYS_TIME 1
| #define HAVE_SYS_TIME_H 1
| #define HAVE_SCHED_H 1
| #define HAVE_CLOCK_GETTIME 1
| /* end confdefs.h.  */
| /* Define mach_absolute_time to an innocuous variant, in case <limits.h> declares mach_absolute_time.
|    For example, HP-UX 11i <limits.h> declares gettimeofday.  */
| #define mach_absolute_time innocuous_mach_absolute_time
| 
| /* System header to define __stub macros and hopefully few prototypes,
|     which can conflict with char mach_absolute_time (); below.
|     Prefer <limits.h> to <assert.h> if __STDC__ is defined, since
|     <limits.h> exists even on freestanding compilers.  */
| 
| #ifdef __STDC__
| # include <limits.h>
| #else
| # include <assert.h>
| #endif
| 
| #undef mach_absolute_time
| 
| /* Override any GCC internal prototype to avoid an error.
|    Use char because int might match the return type of a GCC
|    builtin and then its argument prototype would still apply.  */
| #ifdef __cplusplus
| extern "C"
| #endif
| char mach_absolute_time ();
| /* The GNU C library defines this for functions which it implements
|     to always fail with ENOSYS.  Some functions are actually named
|     something starting with __ and the normal name is an alias.  */
| #if defined __stub_mach_absolute_time || defined __stub___mach_absolute_time
| choke me
| #endif
| 
| int
| main ()
| {
| return mach_absolute_time ();
|   ;
|   return 0;
| }
configure:4364: result: no
configure:4364: checking for sched_getcpu
configure:4364: gcc -o conftest    conftest.c  >&5
configure:4364: $? = 0
configure:4364: result: yes
configure:4379: checking for timer_create and timer_*ettime symbols in base system
configure:4393: gcc -o conftest    conftest.c  >&5
configure:4393: $? = 0
configure:4401: result: found
configure:4478: checking for dlopen and dlerror symbols in base system
configure:4491: gcc -o conftest    conftest.c  >&5
configure:4491: $? = 0
configure:4499: result: found
configure:4639: checking for tests
configure:4680: result: ctests ftests  mpitests
configure:4705: checking for debug build
configure:4728: result: 
configure:4753: checking for -Wno-override-init
configure:4762: gcc -c  -Wall -Werror -Wno-override-init  conftest.c >&5
configure:4762: $? = 0
configure:4769: result: 1
configure:4772: checking for CPU type
configure:4945: result: x86
configure:4981: checking for ffsll
configure:4981: gcc -o conftest    conftest.c  >&5
conftest.c:54:6: warning: conflicting types for built-in function 'ffsll'; expected 'int(long long int)' [-Wbuiltin-declaration-mismatch]
   54 | char ffsll ();
      |      ^~~~~
configure:4981: $? = 0
configure:4981: result: yes
configure:5007: checking for working gettid
configure:5015: gcc -o conftest    conftest.c  >&5
configure:5015: $? = 0
configure:5016: result: yes
configure:5057: checking for working MMTIMER
configure:5087: gcc -o conftest    conftest.c  >&5
configure:5087: $? = 0
configure:5087: ./conftest
configure:5087: $? = 1
configure: program exited with status 1
configure: failed program was:
| /* confdefs.h */
| #define PACKAGE_NAME "PAPI"
| #define PACKAGE_TARNAME "papi"
| #define PACKAGE_VERSION "7.1.0.0"
| #define PACKAGE_STRING "PAPI 7.1.0.0"
| #define PACKAGE_BUGREPORT "ptools-perfapi@icl.utk.edu"
| #define PACKAGE_URL ""
| #define STDC_HEADERS 1
| #define HAVE_SYS_TYPES_H 1
| #define HAVE_SYS_STAT_H 1
| #define HAVE_STDLIB_H 1
| #define HAVE_STRING_H 1
| #define HAVE_MEMORY_H 1
| #define HAVE_STRINGS_H 1
| #define HAVE_INTTYPES_H 1
| #define HAVE_STDINT_H 1
| #define HAVE_UNISTD_H 1
| #define __EXTENSIONS__ 1
| #define _ALL_SOURCE 1
| #define _GNU_SOURCE 1
| #define _POSIX_PTHREAD_SEMANTICS 1
| #define _TANDEM_SOURCE 1
| #define STDC_HEADERS 1
| #define TIME_WITH_SYS_TIME 1
| #define HAVE_SYS_TIME_H 1
| #define HAVE_SCHED_H 1
| #define HAVE_CLOCK_GETTIME 1
| #define HAVE_SCHED_GETCPU 1
| #define CPU x86
| #define HAVE_FFSLL 1
| #define HAVE_GETTID 1
| /* end confdefs.h.  */
| #include <unistd.h>
|                          #include <fcntl.h>
|                          #include <errno.h>
|                          #include <stdlib.h>
|                          #include <sys/ioctl.h>
|                          #include <linux/mmtimer.h>
|                          #ifndef MMTIMER_FULLNAME
|                          #define MMTIMER_FULLNAME "/dev/mmtimer"
|                          #endif
|                          int main() {
|                            int offset;
|                            int fd;
|                            if((fd = open(MMTIMER_FULLNAME, O_RDONLY)) == -1)
|                              exit(1);
|                            if ((offset = ioctl(fd, MMTIMER_GETOFFSET, 0)) < 0)
|                              exit(1);
|                            close(fd);
|                            exit(0);
|                          }
configure:5092: result: no
configure:5094: checking for working CLOCK_REALTIME_HR POSIX 1b timer
configure:5122: gcc -o conftest    conftest.c  >&5
conftest.c: In function 'main':
conftest.c:41:71: error: 'CLOCK_REALTIME_HR' undeclared (first use in this function); did you mean 'CLOCK_REALTIME'?
   41 |                                        if (syscall(__NR_clock_gettime,CLOCK_REALTIME_HR,&t1) == -1) exit(1);
      |                                                                       ^~~~~~~~~~~~~~~~~
      |                                                                       CLOCK_REALTIME
conftest.c:41:71: note: each undeclared identifier is reported only once for each function it appears in
configure:5122: $? = 1
configure: program exited with status 1
configure: failed program was:
| /* confdefs.h */
| #define PACKAGE_NAME "PAPI"
| #define PACKAGE_TARNAME "papi"
| #define PACKAGE_VERSION "7.1.0.0"
| #define PACKAGE_STRING "PAPI 7.1.0.0"
| #define PACKAGE_BUGREPORT "ptools-perfapi@icl.utk.edu"
| #define PACKAGE_URL ""
| #define STDC_HEADERS 1
| #define HAVE_SYS_TYPES_H 1
| #define HAVE_SYS_STAT_H 1
| #define HAVE_STDLIB_H 1
| #define HAVE_STRING_H 1
| #define HAVE_MEMORY_H 1
| #define HAVE_STRINGS_H 1
| #define HAVE_INTTYPES_H 1
| #define HAVE_STDINT_H 1
| #define HAVE_UNISTD_H 1
| #define __EXTENSIONS__ 1
| #define _ALL_SOURCE 1
| #define _GNU_SOURCE 1
| #define _POSIX_PTHREAD_SEMANTICS 1
| #define _TANDEM_SOURCE 1
| #define STDC_HEADERS 1
| #define TIME_WITH_SYS_TIME 1
| #define HAVE_SYS_TIME_H 1
| #define HAVE_SCHED_H 1
| #define HAVE_CLOCK_GETTIME 1
| #define HAVE_SCHED_GETCPU 1
| #define CPU x86
| #define HAVE_FFSLL 1
| #define HAVE_GETTID 1
| /* end confdefs.h.  */
| #include <unistd.h>
|                                      #include <stdlib.h>
|                                      #include <stdio.h>
|                                      #include <time.h>
|                                      #include <syscall.h>
|                                      int main() {
|                                        struct timespec t1, t2;
|                                        double seconds;
|                                        if (syscall(__NR_clock_gettime,CLOCK_REALTIME_HR,&t1) == -1) exit(1);
|                                          sleep(1);
|                                        if (syscall(__NR_clock_gettime,CLOCK_REALTIME_HR,&t2) == -1) exit(1);
|                                          seconds = ((double)t2.tv_sec + (double)t2.tv_nsec/1000000000.0) - ((double)t1.tv_sec + (double)t1.tv_nsec/1000000000.0);
|                                        if (seconds > 1.0)
|                                          exit(0);
|                                        else
|                                          exit(1);
|                                      }
configure:5127: result: no
configure:5129: checking for working CLOCK_REALTIME POSIX 1b timer
configure:5157: gcc -o conftest    conftest.c  >&5
configure:5157: $? = 0
configure:5157: ./conftest
configure:5157: $? = 0
configure:5159: result: yes
configure:5182: checking for which real time clock to use
configure:5214: result: clock_realtime
configure:5232: checking for working __thread
configure:5266: gcc -o conftest -pthread   conftest.c  >&5
conftest.c: In function 'thread_main':
conftest.c:40:34: warning: cast from pointer to integer of different size [-Wpointer-to-int-cast]
   40 |                              i = (int)arg;
      |                                  ^
conftest.c:42:34: warning: cast from pointer to integer of different size [-Wpointer-to-int-cast]
   42 |                              if ((int)arg == 1)
      |                                  ^
conftest.c:43:53: warning: cast from pointer to integer of different size [-Wpointer-to-int-cast]
   43 |                                        res1 = (i == (int)arg);
      |                                                     ^
conftest.c:45:53: warning: cast from pointer to integer of different size [-Wpointer-to-int-cast]
   45 |                                        res2 = (i == (int)arg);
      |                                                     ^
configure:5266: $? = 0
configure:5266: ./conftest
configure:5266: $? = 0
configure:5267: result: yes
configure:5293: gcc -o conftest -pthread   conftest.c  >&5
configure:5293: $? = 0
configure:5305: checking for high performance thread local storage
configure:5320: result: __thread
configure:5331: checking for working CLOCK_THREAD_CPUTIME_ID POSIX 1b timer
configure:5402: gcc -o conftest -pthread   conftest.c  >&5
configure:5402: $? = 0
configure:5402: ./conftest
configure:5402: $? = 0
configure:5403: result: yes
configure:5497: checking for which virtual timer to use
configure:5520: result: clock_thread_cputime_id
configure:5619: checking for static user preset events
configure:5632: result: no
configure:5635: checking for static PAPI preset events
configure:5648: result: yes
configure:5651: checking for whether to build static library
configure:5661: result: yes
configure:5664: checking for whether to build shared library
configure:5674: result: yes
configure:5692: checking for static compile of tests and utilities
configure:5701: result: no
configure:5711: checking for linking with papi shared library of tests and utilities
configure:5721: result: no
configure:5753: checking for building libsde
configure:5772: result: shared and static
configure:5811: checking for /sys/class/perfctr
configure:5824: result: no
configure:5829: checking for /dev/perfctr
configure:5842: result: no
configure:6063: checking for /sys/kernel/perfmon/version
configure:6076: result: no
configure:6081: checking for /proc/perfmon
configure:6094: result: no
configure:6231: checking for /proc/sys/kernel/perf_event_paranoid
configure:6244: result: yes
configure:6250: checking for libpfm4/include/perfmon/perf_event.h
configure:6264: result: yes
configure:6464: checking platform
configure:6608: result: linux-pe
configure:7024: checking for components to build
configure:7178: result: perf_event perf_event_uncore sysdetect
configure:7181: checking for PAPI event CSV filename to use
configure:7186: result: papi_events.csv
configure:7304: Rules.pfm4_pe will be included in the generated Makefile
configure:7416: creating ./config.status

## ---------------------- ##
## Running config.status. ##
## ---------------------- ##

This file was extended by PAPI config.status 7.1.0.0, which was
generated by GNU Autoconf 2.69.  Invocation command line was

  CONFIG_FILES    = 
  CONFIG_HEADERS  = 
  CONFIG_LINKS    = 
  CONFIG_COMMANDS = 
  $ ./config.status 

on IVAN-PC

config.status:925: creating Makefile
config.status:925: creating papi.pc
config.status:925: creating components/Makefile_comp_tests.target
config.status:925: creating testlib/Makefile.target
config.status:925: creating utils/Makefile.target
config.status:925: creating ctests/Makefile.target
config.status:925: creating ftests/Makefile.target
config.status:925: creating validation_tests/Makefile.target
config.status:925: creating config.h
config.status:1095: config.h is unchanged
config.status:1109: executing genpapifdef commands

## ---------------- ##
## Cache variables. ##
## ---------------- ##

ac_cv_c_compiler_gnu=yes
ac_cv_c_inline=inline
ac_cv_env_CC_set=
ac_cv_env_CC_value=
ac_cv_env_CFLAGS_set=
ac_cv_env_CFLAGS_value=
ac_cv_env_CPPFLAGS_set=
ac_cv_env_CPPFLAGS_value=
ac_cv_env_CPP_set=
ac_cv_env_CPP_value=
ac_cv_env_F77_set=
ac_cv_env_F77_value=
ac_cv_env_FFLAGS_set=
ac_cv_env_FFLAGS_value=
ac_cv_env_LDFLAGS_set=
ac_cv_env_LDFLAGS_value=
ac_cv_env_LIBS_set=
ac_cv_env_LIBS_value=
ac_cv_env_build_alias_set=
ac_cv_env_build_alias_value=
ac_cv_env_host_alias_set=
ac_cv_env_host_alias_value=
ac_cv_env_target_alias_set=
ac_cv_env_target_alias_value=
ac_cv_f77_compiler_gnu=yes
ac_cv_file__dev_perfctr=no
ac_cv_file__proc_perfmon=no
ac_cv_file__proc_sys_kernel_perf_event_paranoid=yes
ac_cv_file__sys_class_perfctr=no
ac_cv_file__sys_kernel_perfmon_version=no
ac_cv_file_libpfm4_include_perfmon_perf_event_h=yes
ac_cv_func_clock_gettime=yes
ac_cv_func_ffsll=yes
ac_cv_func_gethrtime=no
ac_cv_func_mach_absolute_time=no
ac_cv_func_read_real_time=no
ac_cv_func_sched_getcpu=yes
ac_cv_func_time_base_to_time=no
ac_cv_header_c_asm_h=no
ac_cv_header_intrinsics_h=no
ac_cv_header_inttypes_h=yes
ac_cv_header_mach_mach_time_h=no
ac_cv_header_memory_h=yes
ac_cv_header_minix_config_h=no
ac_cv_header_sched_h=yes
ac_cv_header_stdc=yes
ac_cv_header_stdint_h=yes
ac_cv_header_stdlib_h=yes
ac_cv_header_string_h=yes
ac_cv_header_strings_h=yes
ac_cv_header_sys_stat_h=yes
ac_cv_header_sys_time_h=yes
ac_cv_header_sys_types_h=yes
ac_cv_header_time=yes
ac_cv_header_unistd_h=yes
ac_cv_objext=o
ac_cv_path_EGREP='/usr/bin/grep -E'
ac_cv_path_GREP=/usr/bin/grep
ac_cv_prog_AWK=gawk
ac_cv_prog_CPP='gcc -E'
ac_cv_prog_MPICC=mpicc
ac_cv_prog_ac_ct_CC=gcc
ac_cv_prog_ac_ct_F77=gfortran
ac_cv_prog_ac_ct_RANLIB=ranlib
ac_cv_prog_cc_c89=
ac_cv_prog_cc_g=yes
ac_cv_prog_f77_g=yes
ac_cv_prog_make_make_set=yes
ac_cv_safe_to_define___extensions__=yes

## ----------------- ##
## Output variables. ##
## ----------------- ##

AR='ar'
ARCH_EVENTS=''
ARG64=''
AWK='gawk'
BGPM_INSTALL_DIR=''
BGP_SYSDIR=''
BITFLAGS=''
BUILD_LIBSDE_SHARED='yes'
BUILD_LIBSDE_STATIC='yes'
CC='gcc'
CC_COMMON_NAME='gcc'
CC_R='$(CC) -pthread'
CC_SHR='$(CC) -fPIC -DPIC -shared -Wl,-soname -Wl,$(VLIB) -Xlinker "-rpath" -Xlinker "$(LIBDIR)"'
CFLAGS='  -DPAPI_NUM_COMP=3'
COMPONENTS=' perf_event perf_event_uncore sysdetect'
COMPONENT_RULES='components/Rules.components components/perf_event/Rules.perf_event components/perf_event_uncore/Rules.perf_event_uncore components/sysdetect/Rules.sysdetect'
CPP='gcc -E'
CPPFLAGS=''
CPU='x86'
CPUCOMPONENT_C=''
CPUCOMPONENT_NAME='perf_event'
CPUCOMPONENT_OBJ=''
CPU_MODEL=''
CTEST_TARGETS='all'
DEFS='-DHAVE_CONFIG_H'
DESCR=''
ECHO_C=''
ECHO_N='-n'
ECHO_T=''
EGREP='/usr/bin/grep -E'
ENABLE_FORTRAN='yes'
ENABLE_FORTRAN_TESTS='yes'
EXEEXT=''
F77='gfortran'
FFLAGS='    -Dlinux -ffixed-line-length-132'
FILENAME='Rules.pfm4_pe'
FLAGS=''
FORT_HEADERS='fpapi.h f77papi.h f90papi.h'
FORT_WRAPPERS_OBJ='upper_PAPI_FWRAPPERS.o papi_fwrappers_.o papi_fwrappers__.o'
FORT_WRAPPERS_SRC='upper_PAPI_FWRAPPERS.c papi_fwrappers_.c papi_fwrappers__.c'
FTEST_TARGETS='all'
GREP='/usr/bin/grep'
HAVE_NO_OVERRIDE_INIT='1'
LDFLAGS=''
LDL=''
LIBOBJS=''
LIBRARY='libpapi.a'
LIBS=''
LIBSDEFLAGS=''
LINKLIB='$(LIBRARY)'
LN_S='ln -s'
LRT=''
LTLIBOBJS=''
MAKEVER='linux-pe'
MIC='no'
MISCHDRS=''
MISCOBJS='$(MISCSRCS:.c=.o)'
MISCSRCS=' x86_cpuid_info.c'
MPICC='mpicc'
MPIICC=''
NEC='no'
NOOPT=''
NO_MPI_TESTS=''
NVPPC64LEFLAGS=''
OBJEXT='o'
OMPCFLGS='-fopenmp'
OPTFLAGS='-O2'
OS='linux'
OSCONTEXT='linux-context.h'
OSFILESHDR='linux-memory.h linux-timer.h linux-common.h'
OSFILESOBJ='$(OSFILESSRC:.c=.o)'
OSFILESSRC='linux-memory.c linux-timer.c linux-common.c'
OSLOCK='linux-lock.h'
PACKAGE_BUGREPORT='ptools-perfapi@icl.utk.edu'
PACKAGE_NAME='PAPI'
PACKAGE_STRING='PAPI 7.1.0.0'
PACKAGE_TARNAME='papi'
PACKAGE_URL=''
PACKAGE_VERSION='7.1.0.0'
PAPICFLAGS='-DPAPI_NO_MEMORY_MANAGEMENT -DSTATIC_PAPI_EVENTS_TABLE  -DUSE_PERFEVENT_RDPMC=1 -DPEINCLUDE=\"libpfm4/include/perfmon/perf_event.h\" -D_REENTRANT -D_GNU_SOURCE -DUSE_COMPILER_TLS'
PAPISOVER='$(PAPIVER).$(PAPIREV)'
PAPI_EVENTS=''
PAPI_EVENTS_CSV='papi_events.csv'
PATH_SEPARATOR=':'
PMAPI=''
PMINIT=''
POST_BUILD=''
RANLIB='ranlib'
SETPATH=''
SET_MAKE=''
SHELL='/bin/bash'
SHLIB='libpapi.so.7.1.0.0'
SHLIBDEPS=''
SHOW_CONF='showconf'
SMPCFLGS=''
STATIC=''
TESTS=''
TOPTFLAGS='-O1'
VERSION=''
VLIB='libpapi.so.$(PAPISOVER)'
ac_ct_CC='gcc'
ac_ct_F77='gfortran'
altix=''
arch='x86_64'
bindir='${exec_prefix}/bin'
build_alias=''
cpu_option=''
datadir='${datarootdir}'
datarootdir='${prefix}/share'
docdir='${datarootdir}/doc/${PACKAGE_TARNAME}'
dvidir='${docdir}'
exec_prefix='${prefix}'
host_alias=''
htmldir='${docdir}'
includedir='${prefix}/include'
infodir='${datarootdir}/info'
libdir='${exec_prefix}/lib'
libexecdir='${exec_prefix}/libexec'
localedir='${datarootdir}/locale'
localstatedir='${prefix}/var'
mandir='${datarootdir}/man'
old_pfmv2='n'
oldincludedir='/usr/include'
papiLIBS='shared static'
pdfdir='${docdir}'
perfctr_incdir=''
perfctr_libdir=''
perfctr_prefix=''
perfctr_root=''
pfm_incdir='libpfm4/include'
pfm_libdir='libpfm4/lib'
pfm_prefix=''
pfm_root='libpfm4'
prefix='/home/ivan/HDD/repos/BIMSA/papi/src/install'
program_transform_name='s,x,x,'
psdir='${docdir}'
sbindir='${exec_prefix}/sbin'
sharedstatedir='${prefix}/com'
sysconfdir='${prefix}/etc'
target_alias=''
tests='ctests ftests  comp_tests'

## ----------- ##
## confdefs.h. ##
## ----------- ##

/* confdefs.h */
#define PACKAGE_NAME "PAPI"
#define PACKAGE_TARNAME "papi"
#define PACKAGE_VERSION "7.1.0.0"
#define PACKAGE_STRING "PAPI 7.1.0.0"
#define PACKAGE_BUGREPORT "ptools-perfapi@icl.utk.edu"
#define PACKAGE_URL ""
#define STDC_HEADERS 1
#define HAVE_SYS_TYPES_H 1
#define HAVE_SYS_STAT_H 1
#define HAVE_STDLIB_H 1
#define HAVE_STRING_H 1
#define HAVE_MEMORY_H 1
#define HAVE_STRINGS_H 1
#define HAVE_INTTYPES_H 1
#define HAVE_STDINT_H 1
#define HAVE_UNISTD_H 1
#define __EXTENSIONS__ 1
#define _ALL_SOURCE 1
#define _GNU_SOURCE 1
#define _POSIX_PTHREAD_SEMANTICS 1
#define _TANDEM_SOURCE 1
#define STDC_HEADERS 1
#define TIME_WITH_SYS_TIME 1
#define HAVE_SYS_TIME_H 1
#define HAVE_SCHED_H 1
#define HAVE_CLOCK_GETTIME 1
#define HAVE_SCHED_GETCPU 1
#define CPU x86
#define HAVE_FFSLL 1
#define HAVE_GETTID 1
#define HAVE_CLOCK_GETTIME 1
#define HAVE_CLOCK_GETTIME_REALTIME 1
#define HAVE_THREAD_LOCAL_STORAGE __thread
#define HAVE_CLOCK_GETTIME_THREAD CLOCK_THREAD_CPUTIME_ID
#define HAVE_PERFMON_PFMLIB_MONTECITO_H 1
#define HAVE_PFM_GET_EVENT_DESCRIPTION 1
#define HAVE_PFMLIB_OUTPUT_PFP_PMD_COUNT 1

configure: exit 0
